<?xml version="1.0" encoding="UTF-8"?>
<testng-results ignored="0" total="1" passed="1" failed="0" skipped="0">
  <reporter-output>
  </reporter-output>
  <suite started-at="2021-07-06T01:27:25Z" name="Chotot Assignment" finished-at="2021-07-06T01:27:34Z" duration-ms="8911">
    <groups>
    </groups>
    <test started-at="2021-07-06T01:27:25Z" name="Run on Chrome" finished-at="2021-07-06T01:27:34Z" duration-ms="8911">
      <class name="chotot.login.Login_via_Mobile_Number">
        <test-method is-config="true" signature="beforeClass(java.lang.String, java.lang.String)[pri:0, instance:chotot.login.Login_via_Mobile_Number@1c222627]" started-at="2021-07-06T01:27:25Z" name="beforeClass" finished-at="2021-07-06T01:27:32Z" duration-ms="6850" status="PASS">
          <params>
            <param index="0">
              <value>
                <![CDATA[chrome]]>
              </value>
            </param>
            <param index="1">
              <value>
                <![CDATA[https://www.chotot.com]]>
              </value>
            </param>
          </params>
          <reporter-output>
          </reporter-output>
        </test-method> <!-- beforeClass -->
        <test-method signature="Login_02_Using_Invalid_Mobile_Number_And_Valid_Password()[pri:0, instance:chotot.login.Login_via_Mobile_Number@1c222627]" started-at="2021-07-06T01:27:32Z" name="Login_02_Using_Invalid_Mobile_Number_And_Valid_Password" finished-at="2021-07-06T01:27:33Z" duration-ms="1297" status="PASS">
          <reporter-output>
          </reporter-output>
        </test-method> <!-- Login_02_Using_Invalid_Mobile_Number_And_Valid_Password -->
        <test-method is-config="true" signature="afterClass()[pri:0, instance:chotot.login.Login_via_Mobile_Number@1c222627]" started-at="2021-07-06T01:27:33Z" name="afterClass" finished-at="2021-07-06T01:27:34Z" duration-ms="754" status="PASS">
          <reporter-output>
          </reporter-output>
        </test-method> <!-- afterClass -->
      </class> <!-- chotot.login.Login_via_Mobile_Number -->
    </test> <!-- Run on Chrome -->
  </suite> <!-- Chotot Assignment -->
</testng-results>
